f:\iot\samples\temperaturesensorsample\sensors.dht\debug\pch.pch
f:\iot\samples\temperaturesensorsample\sensors.dht\debug\vc140.pdb
f:\iot\samples\temperaturesensorsample\sensors.dht\debug\vc140.idb
f:\iot\samples\temperaturesensorsample\sensors.dht\debug\pch.obj
f:\iot\samples\temperaturesensorsample\sensors.dht\debug\dht11.obj
f:\iot\samples\temperaturesensorsample\sensors.dht\debug\dht22.obj
f:\iot\samples\temperaturesensorsample\debug\sensors.dht\sensors.dht.ilk
f:\iot\samples\temperaturesensorsample\debug\sensors.dht\sensors.dht.dll
f:\iot\samples\temperaturesensorsample\debug\sensors.dht\sensors.dht.winmd
f:\iot\samples\temperaturesensorsample\debug\sensors.dht\sensors.dht.pdb
f:\iot\samples\temperaturesensorsample\debug\sensors.dht\sensors.dht.lib
f:\iot\samples\temperaturesensorsample\debug\sensors.dht\sensors.dht.exp
f:\iot\samples\temperaturesensorsample\sensors.dht\debug\priconfig.xml
f:\iot\samples\temperaturesensorsample\sensors.dht\debug\priconfig.xml.intermediate
f:\iot\samples\temperaturesensorsample\sensors.dht\debug\layout.resfiles
f:\iot\samples\temperaturesensorsample\sensors.dht\debug\layout.resfiles.intermediate
f:\iot\samples\temperaturesensorsample\sensors.dht\debug\resources.resfiles
f:\iot\samples\temperaturesensorsample\sensors.dht\debug\resources.resfiles.intermediate
f:\iot\samples\temperaturesensorsample\sensors.dht\debug\pri.resfiles
f:\iot\samples\temperaturesensorsample\sensors.dht\debug\pri.resfiles.intermediate
f:\iot\samples\temperaturesensorsample\debug\sensors.dht\sensors.dht.pri
f:\iot\samples\temperaturesensorsample\sensors.dht\debug\qualifiers.txt
f:\iot\samples\temperaturesensorsample\sensors.dht\debug\qualifiers.txt.intermediate
f:\iot\samples\temperaturesensorsample\sensors.dht\debug\multiplequalifiersperdimensionfound.txt
f:\iot\samples\temperaturesensorsample\sensors.dht\debug\sensors.dht.tlog\cl.command.1.tlog
f:\iot\samples\temperaturesensorsample\sensors.dht\debug\sensors.dht.tlog\cl.read.1.tlog
f:\iot\samples\temperaturesensorsample\sensors.dht\debug\sensors.dht.tlog\cl.write.1.tlog
f:\iot\samples\temperaturesensorsample\sensors.dht\debug\sensors.dht.tlog\link.command.1.tlog
f:\iot\samples\temperaturesensorsample\sensors.dht\debug\sensors.dht.tlog\link.read.1.tlog
f:\iot\samples\temperaturesensorsample\sensors.dht\debug\sensors.dht.tlog\link.write.1.tlog
f:\iot\samples\temperaturesensorsample\sensors.dht\debug\sensors.dht.tlog\sensors.dht.read.1u.tlog
f:\iot\samples\temperaturesensorsample\sensors.dht\debug\sensors.dht.tlog\sensors.dht.write.1u.tlog
