c:\megasync\visualstudioprojects\houseberrysoft\sensors.dht\arm\debug\pch.pch
c:\megasync\visualstudioprojects\houseberrysoft\sensors.dht\arm\debug\vc141.pdb
c:\megasync\visualstudioprojects\houseberrysoft\sensors.dht\arm\debug\pch.obj
c:\megasync\visualstudioprojects\houseberrysoft\sensors.dht\arm\debug\dht22.obj
c:\megasync\visualstudioprojects\houseberrysoft\sensors.dht\arm\debug\dht11.obj
c:\megasync\visualstudioprojects\houseberrysoft\arm\debug\sensors.dht\sensors.dht.ilk
c:\megasync\visualstudioprojects\houseberrysoft\arm\debug\sensors.dht\sensors.dht.dll
c:\megasync\visualstudioprojects\houseberrysoft\arm\debug\sensors.dht\sensors.dht.winmd
c:\megasync\visualstudioprojects\houseberrysoft\arm\debug\sensors.dht\sensors.dht.pdb
c:\megasync\visualstudioprojects\houseberrysoft\arm\debug\sensors.dht\sensors.dht.lib
c:\megasync\visualstudioprojects\houseberrysoft\arm\debug\sensors.dht\sensors.dht.exp
c:\megasync\visualstudioprojects\houseberrysoft\sensors.dht\arm\debug\sensors.dht.vcxprojresolveassemblyreference.cache
c:\megasync\visualstudioprojects\houseberrysoft\sensors.dht\arm\debug\priconfig.xml
c:\megasync\visualstudioprojects\houseberrysoft\sensors.dht\arm\debug\priconfig.xml.intermediate
c:\megasync\visualstudioprojects\houseberrysoft\sensors.dht\arm\debug\layout.resfiles
c:\megasync\visualstudioprojects\houseberrysoft\sensors.dht\arm\debug\layout.resfiles.intermediate
c:\megasync\visualstudioprojects\houseberrysoft\sensors.dht\arm\debug\resources.resfiles
c:\megasync\visualstudioprojects\houseberrysoft\sensors.dht\arm\debug\resources.resfiles.intermediate
c:\megasync\visualstudioprojects\houseberrysoft\sensors.dht\arm\debug\pri.resfiles
c:\megasync\visualstudioprojects\houseberrysoft\sensors.dht\arm\debug\pri.resfiles.intermediate
c:\megasync\visualstudioprojects\houseberrysoft\arm\debug\sensors.dht\sensors.dht.pri
c:\megasync\visualstudioprojects\houseberrysoft\sensors.dht\arm\debug\qualifiers.txt
c:\megasync\visualstudioprojects\houseberrysoft\sensors.dht\arm\debug\qualifiers.txt.intermediate
c:\megasync\visualstudioprojects\houseberrysoft\sensors.dht\arm\debug\multiplequalifiersperdimensionfound.txt
c:\megasync\visualstudioprojects\houseberrysoft\sensors.dht\arm\debug\embed.resfiles
c:\megasync\visualstudioprojects\houseberrysoft\sensors.dht\arm\debug\sensors.dht.tlog\cl.command.1.tlog
c:\megasync\visualstudioprojects\houseberrysoft\sensors.dht\arm\debug\sensors.dht.tlog\cl.read.1.tlog
c:\megasync\visualstudioprojects\houseberrysoft\sensors.dht\arm\debug\sensors.dht.tlog\cl.write.1.tlog
c:\megasync\visualstudioprojects\houseberrysoft\sensors.dht\arm\debug\sensors.dht.tlog\link.command.1.tlog
c:\megasync\visualstudioprojects\houseberrysoft\sensors.dht\arm\debug\sensors.dht.tlog\link.read.1.tlog
c:\megasync\visualstudioprojects\houseberrysoft\sensors.dht\arm\debug\sensors.dht.tlog\link.write.1.tlog
c:\megasync\visualstudioprojects\houseberrysoft\sensors.dht\arm\debug\sensors.dht.tlog\sensors.dht.read.1u.tlog
c:\megasync\visualstudioprojects\houseberrysoft\sensors.dht\arm\debug\sensors.dht.tlog\sensors.dht.write.1u.tlog
